<?xml version="1.0" encoding="UTF-8"?>
<testng-results ignored="0" total="8" passed="8" failed="0" skipped="0">
  <reporter-output>
  </reporter-output>
  <suite started-at="2025-02-12T18:12:25 IST" name="Suite" finished-at="2025-02-12T18:12:25 IST" duration-ms="192">
    <groups>
    </groups>
    <test started-at="2025-02-12T18:12:25 IST" name="Test1" finished-at="2025-02-12T18:12:25 IST" duration-ms="163">
      <class name="aman.AnnotetionMethos">
        <test-method is-config="true" signature="login(java.lang.String)[pri:0, instance:aman.AnnotetionMethos@e15b7e8]" started-at="2025-02-12T18:12:25 IST" name="login" finished-at="2025-02-12T18:12:25 IST" duration-ms="11" status="PASS">
          <params>
            <param index="0">
              <value>
                <![CDATA[edge]]>
              </value>
            </param>
          </params>
          <reporter-output>
          </reporter-output>
        </test-method> <!-- login -->
        <test-method signature="search()[pri:1, instance:aman.AnnotetionMethos@e15b7e8]" started-at="2025-02-12T18:12:25 IST" name="search" finished-at="2025-02-12T18:12:25 IST" duration-ms="30" status="PASS">
          <reporter-output>
          </reporter-output>
        </test-method> <!-- search -->
        <test-method is-config="true" signature="logout()[pri:0, instance:aman.AnnotetionMethos@e15b7e8]" started-at="2025-02-12T18:12:25 IST" name="logout" finished-at="2025-02-12T18:12:25 IST" duration-ms="1" status="PASS">
          <reporter-output>
          </reporter-output>
        </test-method> <!-- logout -->
        <test-method is-config="true" signature="login(java.lang.String)[pri:0, instance:aman.AnnotetionMethos@e15b7e8]" started-at="2025-02-12T18:12:25 IST" name="login" finished-at="2025-02-12T18:12:25 IST" duration-ms="5" status="PASS">
          <params>
            <param index="0">
              <value>
                <![CDATA[edge]]>
              </value>
            </param>
          </params>
          <reporter-output>
          </reporter-output>
        </test-method> <!-- login -->
        <test-method signature="advanceSearch()[pri:2, instance:aman.AnnotetionMethos@e15b7e8]" started-at="2025-02-12T18:12:25 IST" name="advanceSearch" finished-at="2025-02-12T18:12:25 IST" duration-ms="4" status="PASS">
          <reporter-output>
          </reporter-output>
        </test-method> <!-- advanceSearch -->
        <test-method is-config="true" signature="logout()[pri:0, instance:aman.AnnotetionMethos@e15b7e8]" started-at="2025-02-12T18:12:25 IST" name="logout" finished-at="2025-02-12T18:12:25 IST" duration-ms="1" status="PASS">
          <reporter-output>
          </reporter-output>
        </test-method> <!-- logout -->
      </class> <!-- aman.AnnotetionMethos -->
    </test> <!-- Test1 -->
    <test started-at="2025-02-12T18:12:25 IST" name="Test2" finished-at="2025-02-12T18:12:25 IST" duration-ms="174">
      <class name="aman.AnnotetionMethos">
        <test-method is-config="true" signature="login(java.lang.String)[pri:0, instance:aman.AnnotetionMethos@342c38f8]" started-at="2025-02-12T18:12:25 IST" name="login" finished-at="2025-02-12T18:12:25 IST" duration-ms="14" status="PASS">
          <params>
            <param index="0">
              <value>
                <![CDATA[firefox]]>
              </value>
            </param>
          </params>
          <reporter-output>
          </reporter-output>
        </test-method> <!-- login -->
        <test-method signature="search()[pri:1, instance:aman.AnnotetionMethos@342c38f8]" started-at="2025-02-12T18:12:25 IST" name="search" finished-at="2025-02-12T18:12:25 IST" duration-ms="22" status="PASS">
          <reporter-output>
          </reporter-output>
        </test-method> <!-- search -->
        <test-method is-config="true" signature="logout()[pri:0, instance:aman.AnnotetionMethos@342c38f8]" started-at="2025-02-12T18:12:25 IST" name="logout" finished-at="2025-02-12T18:12:25 IST" duration-ms="2" status="PASS">
          <reporter-output>
          </reporter-output>
        </test-method> <!-- logout -->
        <test-method is-config="true" signature="login(java.lang.String)[pri:0, instance:aman.AnnotetionMethos@342c38f8]" started-at="2025-02-12T18:12:25 IST" name="login" finished-at="2025-02-12T18:12:25 IST" duration-ms="1" status="PASS">
          <params>
            <param index="0">
              <value>
                <![CDATA[firefox]]>
              </value>
            </param>
          </params>
          <reporter-output>
          </reporter-output>
        </test-method> <!-- login -->
        <test-method signature="advanceSearch()[pri:2, instance:aman.AnnotetionMethos@342c38f8]" started-at="2025-02-12T18:12:25 IST" name="advanceSearch" finished-at="2025-02-12T18:12:25 IST" duration-ms="5" status="PASS">
          <reporter-output>
          </reporter-output>
        </test-method> <!-- advanceSearch -->
        <test-method is-config="true" signature="logout()[pri:0, instance:aman.AnnotetionMethos@342c38f8]" started-at="2025-02-12T18:12:25 IST" name="logout" finished-at="2025-02-12T18:12:25 IST" duration-ms="3" status="PASS">
          <reporter-output>
          </reporter-output>
        </test-method> <!-- logout -->
      </class> <!-- aman.AnnotetionMethos -->
    </test> <!-- Test2 -->
    <test started-at="2025-02-12T18:12:25 IST" name="Test" finished-at="2025-02-12T18:12:25 IST" duration-ms="180">
      <class name="aman.AnnotetionMethos">
        <test-method is-config="true" signature="login(java.lang.String)[pri:0, instance:aman.AnnotetionMethos@2dde1bff]" started-at="2025-02-12T18:12:25 IST" name="login" finished-at="2025-02-12T18:12:25 IST" duration-ms="14" status="PASS">
          <params>
            <param index="0">
              <value>
                <![CDATA[Chrome]]>
              </value>
            </param>
          </params>
          <reporter-output>
          </reporter-output>
        </test-method> <!-- login -->
        <test-method signature="search()[pri:1, instance:aman.AnnotetionMethos@2dde1bff]" started-at="2025-02-12T18:12:25 IST" name="search" finished-at="2025-02-12T18:12:25 IST" duration-ms="42" status="PASS">
          <reporter-output>
          </reporter-output>
        </test-method> <!-- search -->
        <test-method is-config="true" signature="logout()[pri:0, instance:aman.AnnotetionMethos@2dde1bff]" started-at="2025-02-12T18:12:25 IST" name="logout" finished-at="2025-02-12T18:12:25 IST" duration-ms="1" status="PASS">
          <reporter-output>
          </reporter-output>
        </test-method> <!-- logout -->
        <test-method signature="advanceSearch()[pri:2, instance:aman.AnnotetionMethos@2dde1bff]" started-at="2025-02-12T18:12:25 IST" name="advanceSearch" finished-at="2025-02-12T18:12:25 IST" duration-ms="7" status="PASS">
          <reporter-output>
          </reporter-output>
        </test-method> <!-- advanceSearch -->
        <test-method is-config="true" signature="login(java.lang.String)[pri:0, instance:aman.AnnotetionMethos@2dde1bff]" started-at="2025-02-12T18:12:25 IST" name="login" finished-at="2025-02-12T18:12:25 IST" duration-ms="0" status="PASS">
          <params>
            <param index="0">
              <value>
                <![CDATA[Chrome]]>
              </value>
            </param>
          </params>
          <reporter-output>
          </reporter-output>
        </test-method> <!-- login -->
        <test-method is-config="true" signature="logout()[pri:0, instance:aman.AnnotetionMethos@2dde1bff]" started-at="2025-02-12T18:12:25 IST" name="logout" finished-at="2025-02-12T18:12:25 IST" duration-ms="1" status="PASS">
          <reporter-output>
          </reporter-output>
        </test-method> <!-- logout -->
      </class> <!-- aman.AnnotetionMethos -->
    </test> <!-- Test -->
    <test started-at="2025-02-12T18:12:25 IST" name="Test3" finished-at="2025-02-12T18:12:25 IST" duration-ms="191">
      <class name="aman.AnnotetionMethos">
        <test-method is-config="true" signature="login(java.lang.String)[pri:0, instance:aman.AnnotetionMethos@5a56cdac]" started-at="2025-02-12T18:12:25 IST" name="login" finished-at="2025-02-12T18:12:25 IST" duration-ms="13" status="PASS">
          <params>
            <param index="0">
              <value>
                <![CDATA[safari]]>
              </value>
            </param>
          </params>
          <reporter-output>
          </reporter-output>
        </test-method> <!-- login -->
        <test-method signature="search()[pri:1, instance:aman.AnnotetionMethos@5a56cdac]" started-at="2025-02-12T18:12:25 IST" name="search" finished-at="2025-02-12T18:12:25 IST" duration-ms="23" status="PASS">
          <reporter-output>
          </reporter-output>
        </test-method> <!-- search -->
        <test-method is-config="true" signature="logout()[pri:0, instance:aman.AnnotetionMethos@5a56cdac]" started-at="2025-02-12T18:12:25 IST" name="logout" finished-at="2025-02-12T18:12:25 IST" duration-ms="4" status="PASS">
          <reporter-output>
          </reporter-output>
        </test-method> <!-- logout -->
        <test-method is-config="true" signature="login(java.lang.String)[pri:0, instance:aman.AnnotetionMethos@5a56cdac]" started-at="2025-02-12T18:12:25 IST" name="login" finished-at="2025-02-12T18:12:25 IST" duration-ms="1" status="PASS">
          <params>
            <param index="0">
              <value>
                <![CDATA[safari]]>
              </value>
            </param>
          </params>
          <reporter-output>
          </reporter-output>
        </test-method> <!-- login -->
        <test-method signature="advanceSearch()[pri:2, instance:aman.AnnotetionMethos@5a56cdac]" started-at="2025-02-12T18:12:25 IST" name="advanceSearch" finished-at="2025-02-12T18:12:25 IST" duration-ms="2" status="PASS">
          <reporter-output>
          </reporter-output>
        </test-method> <!-- advanceSearch -->
        <test-method is-config="true" signature="logout()[pri:0, instance:aman.AnnotetionMethos@5a56cdac]" started-at="2025-02-12T18:12:25 IST" name="logout" finished-at="2025-02-12T18:12:25 IST" duration-ms="1" status="PASS">
          <reporter-output>
          </reporter-output>
        </test-method> <!-- logout -->
      </class> <!-- aman.AnnotetionMethos -->
    </test> <!-- Test3 -->
  </suite> <!-- Suite -->
</testng-results>
