<?xml version="1.0" encoding="UTF-8"?>
<!-- Generated by org.testng.reporters.JUnitXMLReporter -->
<testsuite ignored="6" hostname="DESKTOP-LOJOMDE" failures="0" tests="4" name="Test2" time="0.1" errors="0" timestamp="2024-11-28T09:23:29 IST">
  <testcase classname="testngPractice.LoginTests" name="LoginByEmail" time="0.013"/>
  <testcase classname="testngPractice.LoginTests" name="LoginByFacebook" time="0.003"/>
  <testcase classname="testngPractice.LoginTests" name="LoginByPhoneNumber" time="0.004"/>
  <testcase classname="testngPractice.LoginTests" name="LoginByTwiter" time="0.001"/>
  <testcase classname="testngPractice.SignUpTests" name="signUpByFacebook" time="0.0">
    <ignored/>
  </testcase> <!-- signUpByFacebook -->
  <testcase classname="testngPractice.PaymentTests" name="PaymentInDollers" time="0.0">
    <ignored/>
  </testcase> <!-- PaymentInDollers -->
  <testcase classname="testngPractice.SignUpTests" name="signUpByTwiter" time="0.0">
    <ignored/>
  </testcase> <!-- signUpByTwiter -->
  <testcase classname="testngPractice.SignUpTests" name="signUpByNumber" time="0.0">
    <ignored/>
  </testcase> <!-- signUpByNumber -->
  <testcase classname="testngPractice.SignUpTests" name="signUpByEmail" time="0.0">
    <ignored/>
  </testcase> <!-- signUpByEmail -->
  <testcase classname="testngPractice.PaymentTests" name="PaymentInRupees" time="0.0">
    <ignored/>
  </testcase> <!-- PaymentInRupees -->
</testsuite> <!-- Test2 -->
